<?xml version="1.0" encoding="UTF-8"?>
<!-- Generated by org.testng.reporters.JUnitReportReporter -->
<testsuite hostname="NSWSYDNLP206" failures="0" tests="1" name="com.liveproj.testcases.CreateAccountTest" time="14.113" errors="0" timestamp="12 Jun. 2019 03:29:03 GMT" skipped="0">
  <testcase classname="com.liveproj.testcases.CreateAccountTest" name="createAccountTest" time="14.113"/>
</testsuite> <!-- com.liveproj.testcases.CreateAccountTest -->
