<?xml version="1.0" encoding="UTF-8"?>
<!-- Generated by org.testng.reporters.JUnitReportReporter -->
<testsuite hostname="NSWSYDNLP206" failures="0" tests="1" name="com.liveproj.testcases.SignUpTest" time="8.588" errors="0" timestamp="05 Jun. 2019 00:49:48 GMT" skipped="0">
  <testcase classname="com.liveproj.testcases.SignUpTest" name="signUpTest" time="8.588"/>
</testsuite> <!-- com.liveproj.testcases.SignUpTest -->
