<?xml version="1.0" encoding="UTF-8"?>
<!-- Generated by org.testng.reporters.JUnitReportReporter -->
<testsuite hostname="NSWSYDNLP206" failures="0" tests="1" name="com.liveproj.testcases.LoginTest" time="2.455" errors="0" timestamp="03 Jun. 2019 05:58:43 GMT" skipped="0">
  <testcase classname="com.liveproj.testcases.LoginTest" name="loginTest" time="2.455"/>
</testsuite> <!-- com.liveproj.testcases.LoginTest -->
