<?xml version="1.0" encoding="UTF-8"?>
<!-- Generated by org.testng.reporters.JUnitReportReporter -->
<testsuite hostname="NSWSYDNLP206" failures="0" tests="1" name="com.liveproj.testcases.LoginTest" time="3.567" errors="0" timestamp="12 Jun. 2019 01:25:37 GMT" skipped="0">
  <testcase classname="com.liveproj.testcases.LoginTest" name="loginTest" time="3.567"/>
</testsuite> <!-- com.liveproj.testcases.LoginTest -->
