<?xml version="1.0" encoding="UTF-8"?>
<!-- Generated by org.testng.reporters.JUnitReportReporter -->
<testsuite hostname="NSWSYDNLP206" failures="0" tests="1" name="com.liveproj.testcases.LogoutTest" time="4.007" errors="0" timestamp="12 Jun. 2019 03:32:37 GMT" skipped="0">
  <testcase classname="com.liveproj.testcases.LogoutTest" name="logoutTest" time="4.007"/>
</testsuite> <!-- com.liveproj.testcases.LogoutTest -->
